<?xml version="1.0" encoding="UTF-8"?>
<!-- Generated by org.testng.reporters.JUnitReportReporter -->
<testsuite hostname="DESKTOP-5GOIKUP" name="com.learnautomation.selenium.DemoForMaven" tests="1" failures="0" timestamp="1 Jun 2020 22:59:40 GMT" time="0.012" errors="0">
  <testcase name="testHello" time="0.012" classname="com.learnautomation.selenium.DemoForMaven"/>
</testsuite> <!-- com.learnautomation.selenium.DemoForMaven -->
