<?xml version="1.0" encoding="UTF-8"?>
<!-- Generated by org.testng.reporters.JUnitReportReporter -->
<testsuite hostname="DESKTOP-5GOIKUP" name="com.learnautomation.selenium.DemoForMaven" tests="1" failures="0" timestamp="2 Jun 2020 19:42:02 GMT" time="12.190" errors="0">
  <testcase name="testHello" time="12.190" classname="com.learnautomation.selenium.DemoForMaven"/>
</testsuite> <!-- com.learnautomation.selenium.DemoForMaven -->
